<?xml version="1.0" encoding="UTF-8"?>
<!-- Generated by org.testng.reporters.JUnitXMLReporter -->
<testsuite ignored="0" hostname="CHN-REG-338651" failures="0" tests="5" name="Default test" time="0.69" errors="0" timestamp="2023-04-28T06:44:40 IST">
  <testcase classname="testcasess.logintest" name="check_usernameandpassword_isenabled" time="0.013"/>
  <testcase classname="testcasess.logintest" name="check_usernameandpassword_isenabled" time="0.001"/>
  <testcase classname="testcasess.logintest" name="check_usernameandpassword_isenabled" time="0.001"/>
  <testcase classname="testcasess.logintest" name="check_usernameandpassword_isenabled" time="0.002"/>
  <testcase classname="testcasess.logintest" name="check_usernameandpassword_isenabled" time="0.002"/>
</testsuite> <!-- Default test -->
