<?xml version="1.0" encoding="UTF-8"?>
<testng-results ignored="0" total="5" passed="5" failed="0" skipped="0">
  <reporter-output>
  </reporter-output>
  <suite started-at="2023-04-28T06:44:39 IST" name="Default suite" finished-at="2023-04-28T06:44:40 IST" duration-ms="690">
    <groups>
    </groups>
    <test started-at="2023-04-28T06:44:39 IST" name="Default test" finished-at="2023-04-28T06:44:40 IST" duration-ms="690">
      <class name="testcasess.logintest">
        <test-method signature="check_usernameandpassword_isenabled(java.lang.String,java.lang.String)[pri:0, instance:testcasess.logintest@2d7275fc]" started-at="2023-04-28T06:44:40 IST" name="check_usernameandpassword_isenabled" data-provider="testdata" finished-at="2023-04-28T06:44:40 IST" duration-ms="13" status="PASS">
          <params>
            <param index="0">
              <value>
                <![CDATA[dhana]]>
              </value>
            </param>
            <param index="1">
              <value>
                <![CDATA[dhana123]]>
              </value>
            </param>
          </params>
          <reporter-output>
          </reporter-output>
        </test-method> <!-- check_usernameandpassword_isenabled -->
        <test-method signature="check_usernameandpassword_isenabled(java.lang.String,java.lang.String)[pri:0, instance:testcasess.logintest@2d7275fc]" started-at="2023-04-28T06:44:40 IST" name="check_usernameandpassword_isenabled" data-provider="testdata" finished-at="2023-04-28T06:44:40 IST" duration-ms="1" status="PASS">
          <params>
            <param index="0">
              <value>
                <![CDATA[priya]]>
              </value>
            </param>
            <param index="1">
              <value>
                <![CDATA[priya123]]>
              </value>
            </param>
          </params>
          <reporter-output>
          </reporter-output>
        </test-method> <!-- check_usernameandpassword_isenabled -->
        <test-method signature="check_usernameandpassword_isenabled(java.lang.String,java.lang.String)[pri:0, instance:testcasess.logintest@2d7275fc]" started-at="2023-04-28T06:44:40 IST" name="check_usernameandpassword_isenabled" data-provider="testdata" finished-at="2023-04-28T06:44:40 IST" duration-ms="1" status="PASS">
          <params>
            <param index="0">
              <value>
                <![CDATA[mythili]]>
              </value>
            </param>
            <param index="1">
              <value>
                <![CDATA[mythili123]]>
              </value>
            </param>
          </params>
          <reporter-output>
          </reporter-output>
        </test-method> <!-- check_usernameandpassword_isenabled -->
        <test-method signature="check_usernameandpassword_isenabled(java.lang.String,java.lang.String)[pri:0, instance:testcasess.logintest@2d7275fc]" started-at="2023-04-28T06:44:40 IST" name="check_usernameandpassword_isenabled" data-provider="testdata" finished-at="2023-04-28T06:44:40 IST" duration-ms="2" status="PASS">
          <params>
            <param index="0">
              <value>
                <![CDATA[meenakshi]]>
              </value>
            </param>
            <param index="1">
              <value>
                <![CDATA[meenakshi123]]>
              </value>
            </param>
          </params>
          <reporter-output>
          </reporter-output>
        </test-method> <!-- check_usernameandpassword_isenabled -->
        <test-method signature="check_usernameandpassword_isenabled(java.lang.String,java.lang.String)[pri:0, instance:testcasess.logintest@2d7275fc]" started-at="2023-04-28T06:44:40 IST" name="check_usernameandpassword_isenabled" data-provider="testdata" finished-at="2023-04-28T06:44:40 IST" duration-ms="2" status="PASS">
          <params>
            <param index="0">
              <value>
                <![CDATA[malini]]>
              </value>
            </param>
            <param index="1">
              <value>
                <![CDATA[malini123]]>
              </value>
            </param>
          </params>
          <reporter-output>
          </reporter-output>
        </test-method> <!-- check_usernameandpassword_isenabled -->
      </class> <!-- testcasess.logintest -->
    </test> <!-- Default test -->
  </suite> <!-- Default suite -->
</testng-results>
