<?xml version="1.0" encoding="UTF-8"?>
<!-- Generated by org.testng.reporters.JUnitXMLReporter -->
<testsuite ignored="0" hostname="CHN-REG-338651" failures="0" tests="3" name="Default test" time="11.469" errors="0" timestamp="2023-05-05T07:42:41 IST">
  <testcase classname="com.testcases.Homepagetest" name="usernametest" time="0.109"/>
  <testcase classname="com.testcases.Homepagetest" name="passwordtest" time="0.078"/>
  <testcase classname="com.testcases.Homepagetest" name="sampleformstest" time="0.002">
    <skipped/>
  </testcase> <!-- sampleformstest -->
</testsuite> <!-- Default test -->
