<?xml version="1.0" encoding="UTF-8"?>
<testng-results ignored="0" total="3" passed="2" failed="0" skipped="1">
  <reporter-output>
  </reporter-output>
  <suite started-at="2023-05-05T07:42:29 IST" name="Default suite" finished-at="2023-05-05T07:42:40 IST" duration-ms="11469">
    <groups>
    </groups>
    <test started-at="2023-05-05T07:42:29 IST" name="Default test" finished-at="2023-05-05T07:42:40 IST" duration-ms="11469">
      <class name="com.testcases.Homepagetest">
        <test-method is-config="true" signature="setup()[pri:0, instance:com.testcases.Homepagetest@36902638]" started-at="2023-05-05T07:42:29 IST" name="setup" finished-at="2023-05-05T07:42:40 IST" duration-ms="11009" status="PASS">
          <reporter-output>
          </reporter-output>
        </test-method> <!-- setup -->
        <test-method signature="usernametest()[pri:1, instance:com.testcases.Homepagetest@36902638]" started-at="2023-05-05T07:42:40 IST" name="usernametest" finished-at="2023-05-05T07:42:40 IST" duration-ms="109" status="PASS">
          <reporter-output>
          </reporter-output>
        </test-method> <!-- usernametest -->
        <test-method signature="passwordtest()[pri:0, instance:com.testcases.Homepagetest@36902638]" started-at="2023-05-05T07:42:40 IST" name="passwordtest" finished-at="2023-05-05T07:42:40 IST" depends-on-methods="com.testcases.Homepagetest.usernametest" duration-ms="78" status="PASS">
          <reporter-output>
          </reporter-output>
        </test-method> <!-- passwordtest -->
        <test-method signature="sampleformstest()[pri:0, instance:com.testcases.Homepagetest@36902638]" started-at="2023-05-05T07:42:40 IST" name="sampleformstest" finished-at="2023-05-05T07:42:40 IST" depends-on-methods="com.testcases.Homepagetest.passwordtest" duration-ms="2" status="SKIP">
          <exception class="org.testng.SkipException">
            <message>
              <![CDATA[this test has been skipped]]>
            </message>
            <full-stacktrace>
              <![CDATA[org.testng.SkipException: this test has been skipped
at com.testcases.Homepagetest.sampleformstest(Homepagetest.java:41)
at java.base/jdk.internal.reflect.DirectMethodHandleAccessor.invoke(DirectMethodHandleAccessor.java:104)
at java.base/java.lang.reflect.Method.invoke(Method.java:577)
at org.testng.internal.MethodInvocationHelper.invokeMethod(MethodInvocationHelper.java:133)
at org.testng.internal.TestInvoker.invokeMethod(TestInvoker.java:598)
at org.testng.internal.TestInvoker.invokeTestMethod(TestInvoker.java:173)
at org.testng.internal.MethodRunner.runInSequence(MethodRunner.java:46)
at org.testng.internal.TestInvoker$MethodInvocationAgent.invoke(TestInvoker.java:824)
at org.testng.internal.TestInvoker.invokeTestMethods(TestInvoker.java:146)
at org.testng.internal.TestMethodWorker.invokeTestMethods(TestMethodWorker.java:146)
at org.testng.internal.TestMethodWorker.run(TestMethodWorker.java:128)
at java.base/java.util.ArrayList.forEach(ArrayList.java:1511)
at org.testng.TestRunner.privateRun(TestRunner.java:794)
at org.testng.TestRunner.run(TestRunner.java:596)
at org.testng.SuiteRunner.runTest(SuiteRunner.java:377)
at org.testng.SuiteRunner.runSequentially(SuiteRunner.java:371)
at org.testng.SuiteRunner.privateRun(SuiteRunner.java:332)
at org.testng.SuiteRunner.run(SuiteRunner.java:276)
at org.testng.SuiteRunnerWorker.runSuite(SuiteRunnerWorker.java:53)
at org.testng.SuiteRunnerWorker.run(SuiteRunnerWorker.java:96)
at org.testng.TestNG.runSuitesSequentially(TestNG.java:1212)
at org.testng.TestNG.runSuitesLocally(TestNG.java:1134)
at org.testng.TestNG.runSuites(TestNG.java:1063)
at org.testng.TestNG.run(TestNG.java:1031)
at org.testng.remote.AbstractRemoteTestNG.run(AbstractRemoteTestNG.java:115)
at org.testng.remote.RemoteTestNG.initAndRun(RemoteTestNG.java:251)
at org.testng.remote.RemoteTestNG.main(RemoteTestNG.java:77)
]]>
            </full-stacktrace>
          </exception> <!-- org.testng.SkipException -->
          <reporter-output>
          </reporter-output>
        </test-method> <!-- sampleformstest -->
        <test-method is-config="true" signature="kill()[pri:0, instance:com.testcases.Homepagetest@36902638]" started-at="2023-05-05T07:42:40 IST" name="kill" finished-at="2023-05-05T07:42:40 IST" duration-ms="51" status="PASS">
          <reporter-output>
          </reporter-output>
        </test-method> <!-- kill -->
      </class> <!-- com.testcases.Homepagetest -->
    </test> <!-- Default test -->
  </suite> <!-- Default suite -->
</testng-results>
